<?xml version="1.0" encoding="UTF-8"?>
<robot generator="Robot 4.1 (Python 3.9.6 on win32)" generated="20210915 15:02:47.515" rpa="false" schemaversion="2">
<suite id="s1" name="GoogleTest" source="D:\Dev\robotframework\test\GoogleTest.robot">
<test id="s1-t1" name="Page Should Show Header">
<kw name="Open Browser And Go To Page" type="SETUP">
<kw name="Open Browser" library="SeleniumLibrary">
<arg>${FORM_URL}</arg>
<arg>${BROWSER}</arg>
<doc>Opens a new browser instance to the optional ``url``.</doc>
<msg timestamp="20210915 15:02:47.764" level="INFO">Opening browser 'Firefox' to base url 'https://www.google.com/'.</msg>
<msg timestamp="20210915 15:02:47.768" level="INFO">Firefox driver log is always forced to to: D:\Dev\robotframework\test\results\geckodriver-2.log</msg>
<status status="PASS" starttime="20210915 15:02:47.764" endtime="20210915 15:02:53.754"/>
</kw>
<status status="PASS" starttime="20210915 15:02:47.763" endtime="20210915 15:02:53.754"/>
</kw>
<kw name="Page Should Contain" library="SeleniumLibrary">
<arg>Google s</arg>
<doc>Verifies that current page contains ``text``.</doc>
<kw name="Capture Page Screenshot" library="SeleniumLibrary">
<doc>Takes a screenshot of the current page and embeds it into a log file.</doc>
<msg timestamp="20210915 15:02:53.833" level="INFO" html="true">&lt;/td&gt;&lt;/tr&gt;&lt;tr&gt;&lt;td colspan="3"&gt;&lt;a href="selenium-screenshot-2.png"&gt;&lt;img src="selenium-screenshot-2.png" width="800px"&gt;&lt;/a&gt;</msg>
<status status="PASS" starttime="20210915 15:02:53.774" endtime="20210915 15:02:53.833"/>
</kw>
<msg timestamp="20210915 15:02:53.849" level="FAIL">Page should have contained text 'Google s' but did not.</msg>
<status status="FAIL" starttime="20210915 15:02:53.754" endtime="20210915 15:02:53.849"/>
</kw>
<kw name="Close Browser" library="SeleniumLibrary" type="TEARDOWN">
<doc>Closes the current browser.</doc>
<status status="PASS" starttime="20210915 15:02:53.850" endtime="20210915 15:02:54.296"/>
</kw>
<doc>When visit the page it should show the text Hello World</doc>
<status status="FAIL" starttime="20210915 15:02:47.763" endtime="20210915 15:02:54.296">Page should have contained text 'Google s' but did not.</status>
</test>
<status status="FAIL" starttime="20210915 15:02:47.516" endtime="20210915 15:02:54.297"/>
</suite>
<statistics>
<total>
<stat pass="0" fail="1" skip="0">All Tests</stat>
</total>
<tag>
</tag>
<suite>
<stat pass="0" fail="1" skip="0" id="s1" name="GoogleTest">GoogleTest</stat>
</suite>
</statistics>
<errors>
</errors>
</robot>
